<?xml version="1.0" encoding="UTF-8"?>
<testsuite xmlns:xsi="http://www.w3.org/2001/XMLSchema-instance" xsi:noNamespaceSchemaLocation="https://maven.apache.org/surefire/maven-surefire-plugin/xsd/surefire-test-report.xsd" name="ayroid.AppTest" time="0.453" tests="0" errors="0" skipped="0" failures="0">
  <properties>
    <property name="java.specification.version" value="22"/>
    <property name="sun.jnu.encoding" value="UTF-8"/>
    <property name="java.class.path" value="/home/ayroid/Documents/Ayroid/ideos-testing/target/test-classes:/home/ayroid/Documents/Ayroid/ideos-testing/target/classes:/home/ayroid/.m2/repository/junit/junit/4.11/junit-4.11.jar:/home/ayroid/.m2/repository/org/hamcrest/hamcrest-core/1.3/hamcrest-core-1.3.jar:/home/ayroid/.m2/repository/org/seleniumhq/selenium/selenium-java/2.28.0/selenium-java-2.28.0.jar:/home/ayroid/.m2/repository/org/seleniumhq/selenium/selenium-android-driver/2.28.0/selenium-android-driver-2.28.0.jar:/home/ayroid/.m2/repository/org/seleniumhq/selenium/selenium-remote-driver/2.28.0/selenium-remote-driver-2.28.0.jar:/home/ayroid/.m2/repository/cglib/cglib-nodep/2.1_3/cglib-nodep-2.1_3.jar:/home/ayroid/.m2/repository/org/json/json/20080701/json-20080701.jar:/home/ayroid/.m2/repository/com/google/guava/guava/13.0.1/guava-13.0.1.jar:/home/ayroid/.m2/repository/org/seleniumhq/selenium/selenium-chrome-driver/2.28.0/selenium-chrome-driver-2.28.0.jar:/home/ayroid/.m2/repository/org/seleniumhq/selenium/selenium-htmlunit-driver/2.28.0/selenium-htmlunit-driver-2.28.0.jar:/home/ayroid/.m2/repository/org/seleniumhq/selenium/selenium-api/2.28.0/selenium-api-2.28.0.jar:/home/ayroid/.m2/repository/net/sourceforge/htmlunit/htmlunit/2.11/htmlunit-2.11.jar:/home/ayroid/.m2/repository/xalan/xalan/2.7.1/xalan-2.7.1.jar:/home/ayroid/.m2/repository/xalan/serializer/2.7.1/serializer-2.7.1.jar:/home/ayroid/.m2/repository/commons-collections/commons-collections/3.2.1/commons-collections-3.2.1.jar:/home/ayroid/.m2/repository/org/apache/commons/commons-lang3/3.1/commons-lang3-3.1.jar:/home/ayroid/.m2/repository/org/apache/httpcomponents/httpmime/4.2.2/httpmime-4.2.2.jar:/home/ayroid/.m2/repository/commons-codec/commons-codec/1.7/commons-codec-1.7.jar:/home/ayroid/.m2/repository/net/sourceforge/htmlunit/htmlunit-core-js/2.11/htmlunit-core-js-2.11.jar:/home/ayroid/.m2/repository/xerces/xercesImpl/2.10.0/xercesImpl-2.10.0.jar:/home/ayroid/.m2/repository/xml-apis/xml-apis/1.4.01/xml-apis-1.4.01.jar:/home/ayroid/.m2/repository/net/sourceforge/nekohtml/nekohtml/1.9.17/nekohtml-1.9.17.jar:/home/ayroid/.m2/repository/net/sourceforge/cssparser/cssparser/0.9.8/cssparser-0.9.8.jar:/home/ayroid/.m2/repository/org/w3c/css/sac/1.3/sac-1.3.jar:/home/ayroid/.m2/repository/commons-logging/commons-logging/1.1.1/commons-logging-1.1.1.jar:/home/ayroid/.m2/repository/org/eclipse/jetty/jetty-websocket/8.1.7.v20120910/jetty-websocket-8.1.7.v20120910.jar:/home/ayroid/.m2/repository/org/eclipse/jetty/jetty-util/8.1.7.v20120910/jetty-util-8.1.7.v20120910.jar:/home/ayroid/.m2/repository/org/eclipse/jetty/jetty-io/8.1.7.v20120910/jetty-io-8.1.7.v20120910.jar:/home/ayroid/.m2/repository/org/eclipse/jetty/jetty-http/8.1.7.v20120910/jetty-http-8.1.7.v20120910.jar:/home/ayroid/.m2/repository/org/apache/httpcomponents/httpclient/4.2.1/httpclient-4.2.1.jar:/home/ayroid/.m2/repository/org/apache/httpcomponents/httpcore/4.2.1/httpcore-4.2.1.jar:/home/ayroid/.m2/repository/org/seleniumhq/selenium/selenium-firefox-driver/2.28.0/selenium-firefox-driver-2.28.0.jar:/home/ayroid/.m2/repository/commons-io/commons-io/2.2/commons-io-2.2.jar:/home/ayroid/.m2/repository/org/apache/commons/commons-exec/1.1/commons-exec-1.1.jar:/home/ayroid/.m2/repository/org/seleniumhq/selenium/selenium-ie-driver/2.28.0/selenium-ie-driver-2.28.0.jar:/home/ayroid/.m2/repository/net/java/dev/jna/jna/3.4.0/jna-3.4.0.jar:/home/ayroid/.m2/repository/net/java/dev/jna/platform/3.4.0/platform-3.4.0.jar:/home/ayroid/.m2/repository/org/seleniumhq/selenium/selenium-iphone-driver/2.28.0/selenium-iphone-driver-2.28.0.jar:/home/ayroid/.m2/repository/org/seleniumhq/selenium/selenium-safari-driver/2.28.0/selenium-safari-driver-2.28.0.jar:/home/ayroid/.m2/repository/org/seleniumhq/selenium/selenium-support/2.28.0/selenium-support-2.28.0.jar:/home/ayroid/.m2/repository/org/webbitserver/webbit/0.4.14/webbit-0.4.14.jar:/home/ayroid/.m2/repository/io/netty/netty/3.5.2.Final/netty-3.5.2.Final.jar:/home/ayroid/.m2/repository/org/testng/testng/7.10.1/testng-7.10.1.jar:/home/ayroid/.m2/repository/org/slf4j/slf4j-api/1.7.36/slf4j-api-1.7.36.jar:/home/ayroid/.m2/repository/com/beust/jcommander/1.82/jcommander-1.82.jar:/home/ayroid/.m2/repository/org/webjars/jquery/3.7.1/jquery-3.7.1.jar:"/>
    <property name="java.vm.vendor" value="Oracle Corporation"/>
    <property name="sun.arch.data.model" value="64"/>
    <property name="java.vendor.url" value="https://java.oracle.com/"/>
    <property name="os.name" value="Linux"/>
    <property name="java.vm.specification.version" value="22"/>
    <property name="sun.java.launcher" value="SUN_STANDARD"/>
    <property name="user.country" value="US"/>
    <property name="sun.boot.library.path" value="/usr/lib/jvm/jdk-22-oracle-x64/lib"/>
    <property name="sun.java.command" value="/home/ayroid/Documents/Ayroid/ideos-testing/target/surefire/surefirebooter18362687473324432611.jar /home/ayroid/Documents/Ayroid/ideos-testing/target/surefire 2024-05-04T02-51-42_960-jvmRun1 surefire13759275773723557890tmp surefire_0319638847078587817tmp"/>
    <property name="jdk.debug" value="release"/>
    <property name="surefire.test.class.path" value="/home/ayroid/Documents/Ayroid/ideos-testing/target/test-classes:/home/ayroid/Documents/Ayroid/ideos-testing/target/classes:/home/ayroid/.m2/repository/junit/junit/4.11/junit-4.11.jar:/home/ayroid/.m2/repository/org/hamcrest/hamcrest-core/1.3/hamcrest-core-1.3.jar:/home/ayroid/.m2/repository/org/seleniumhq/selenium/selenium-java/2.28.0/selenium-java-2.28.0.jar:/home/ayroid/.m2/repository/org/seleniumhq/selenium/selenium-android-driver/2.28.0/selenium-android-driver-2.28.0.jar:/home/ayroid/.m2/repository/org/seleniumhq/selenium/selenium-remote-driver/2.28.0/selenium-remote-driver-2.28.0.jar:/home/ayroid/.m2/repository/cglib/cglib-nodep/2.1_3/cglib-nodep-2.1_3.jar:/home/ayroid/.m2/repository/org/json/json/20080701/json-20080701.jar:/home/ayroid/.m2/repository/com/google/guava/guava/13.0.1/guava-13.0.1.jar:/home/ayroid/.m2/repository/org/seleniumhq/selenium/selenium-chrome-driver/2.28.0/selenium-chrome-driver-2.28.0.jar:/home/ayroid/.m2/repository/org/seleniumhq/selenium/selenium-htmlunit-driver/2.28.0/selenium-htmlunit-driver-2.28.0.jar:/home/ayroid/.m2/repository/org/seleniumhq/selenium/selenium-api/2.28.0/selenium-api-2.28.0.jar:/home/ayroid/.m2/repository/net/sourceforge/htmlunit/htmlunit/2.11/htmlunit-2.11.jar:/home/ayroid/.m2/repository/xalan/xalan/2.7.1/xalan-2.7.1.jar:/home/ayroid/.m2/repository/xalan/serializer/2.7.1/serializer-2.7.1.jar:/home/ayroid/.m2/repository/commons-collections/commons-collections/3.2.1/commons-collections-3.2.1.jar:/home/ayroid/.m2/repository/org/apache/commons/commons-lang3/3.1/commons-lang3-3.1.jar:/home/ayroid/.m2/repository/org/apache/httpcomponents/httpmime/4.2.2/httpmime-4.2.2.jar:/home/ayroid/.m2/repository/commons-codec/commons-codec/1.7/commons-codec-1.7.jar:/home/ayroid/.m2/repository/net/sourceforge/htmlunit/htmlunit-core-js/2.11/htmlunit-core-js-2.11.jar:/home/ayroid/.m2/repository/xerces/xercesImpl/2.10.0/xercesImpl-2.10.0.jar:/home/ayroid/.m2/repository/xml-apis/xml-apis/1.4.01/xml-apis-1.4.01.jar:/home/ayroid/.m2/repository/net/sourceforge/nekohtml/nekohtml/1.9.17/nekohtml-1.9.17.jar:/home/ayroid/.m2/repository/net/sourceforge/cssparser/cssparser/0.9.8/cssparser-0.9.8.jar:/home/ayroid/.m2/repository/org/w3c/css/sac/1.3/sac-1.3.jar:/home/ayroid/.m2/repository/commons-logging/commons-logging/1.1.1/commons-logging-1.1.1.jar:/home/ayroid/.m2/repository/org/eclipse/jetty/jetty-websocket/8.1.7.v20120910/jetty-websocket-8.1.7.v20120910.jar:/home/ayroid/.m2/repository/org/eclipse/jetty/jetty-util/8.1.7.v20120910/jetty-util-8.1.7.v20120910.jar:/home/ayroid/.m2/repository/org/eclipse/jetty/jetty-io/8.1.7.v20120910/jetty-io-8.1.7.v20120910.jar:/home/ayroid/.m2/repository/org/eclipse/jetty/jetty-http/8.1.7.v20120910/jetty-http-8.1.7.v20120910.jar:/home/ayroid/.m2/repository/org/apache/httpcomponents/httpclient/4.2.1/httpclient-4.2.1.jar:/home/ayroid/.m2/repository/org/apache/httpcomponents/httpcore/4.2.1/httpcore-4.2.1.jar:/home/ayroid/.m2/repository/org/seleniumhq/selenium/selenium-firefox-driver/2.28.0/selenium-firefox-driver-2.28.0.jar:/home/ayroid/.m2/repository/commons-io/commons-io/2.2/commons-io-2.2.jar:/home/ayroid/.m2/repository/org/apache/commons/commons-exec/1.1/commons-exec-1.1.jar:/home/ayroid/.m2/repository/org/seleniumhq/selenium/selenium-ie-driver/2.28.0/selenium-ie-driver-2.28.0.jar:/home/ayroid/.m2/repository/net/java/dev/jna/jna/3.4.0/jna-3.4.0.jar:/home/ayroid/.m2/repository/net/java/dev/jna/platform/3.4.0/platform-3.4.0.jar:/home/ayroid/.m2/repository/org/seleniumhq/selenium/selenium-iphone-driver/2.28.0/selenium-iphone-driver-2.28.0.jar:/home/ayroid/.m2/repository/org/seleniumhq/selenium/selenium-safari-driver/2.28.0/selenium-safari-driver-2.28.0.jar:/home/ayroid/.m2/repository/org/seleniumhq/selenium/selenium-support/2.28.0/selenium-support-2.28.0.jar:/home/ayroid/.m2/repository/org/webbitserver/webbit/0.4.14/webbit-0.4.14.jar:/home/ayroid/.m2/repository/io/netty/netty/3.5.2.Final/netty-3.5.2.Final.jar:/home/ayroid/.m2/repository/org/testng/testng/7.10.1/testng-7.10.1.jar:/home/ayroid/.m2/repository/org/slf4j/slf4j-api/1.7.36/slf4j-api-1.7.36.jar:/home/ayroid/.m2/repository/com/beust/jcommander/1.82/jcommander-1.82.jar:/home/ayroid/.m2/repository/org/webjars/jquery/3.7.1/jquery-3.7.1.jar:"/>
    <property name="sun.cpu.endian" value="little"/>
    <property name="user.home" value="/home/ayroid"/>
    <property name="user.language" value="en"/>
    <property name="java.specification.vendor" value="Oracle Corporation"/>
    <property name="java.version.date" value="2024-04-16"/>
    <property name="java.home" value="/usr/lib/jvm/jdk-22-oracle-x64"/>
    <property name="file.separator" value="/"/>
    <property name="basedir" value="/home/ayroid/Documents/Ayroid/ideos-testing"/>
    <property name="java.vm.compressedOopsMode" value="Zero based"/>
    <property name="line.separator" value="&#10;"/>
    <property name="java.specification.name" value="Java Platform API Specification"/>
    <property name="java.vm.specification.vendor" value="Oracle Corporation"/>
    <property name="surefire.real.class.path" value="/home/ayroid/Documents/Ayroid/ideos-testing/target/surefire/surefirebooter18362687473324432611.jar"/>
    <property name="sun.management.compiler" value="HotSpot 64-Bit Tiered Compilers"/>
    <property name="java.runtime.version" value="22.0.1+8-16"/>
    <property name="user.name" value="ayroid"/>
    <property name="stdout.encoding" value="UTF-8"/>
    <property name="path.separator" value=":"/>
    <property name="os.version" value="6.8.0-31-generic"/>
    <property name="java.runtime.name" value="Java(TM) SE Runtime Environment"/>
    <property name="file.encoding" value="UTF-8"/>
    <property name="java.vm.name" value="Java HotSpot(TM) 64-Bit Server VM"/>
    <property name="localRepository" value="/home/ayroid/.m2/repository"/>
    <property name="java.vendor.url.bug" value="https://bugreport.java.com/bugreport/"/>
    <property name="java.io.tmpdir" value="/tmp"/>
    <property name="java.version" value="22.0.1"/>
    <property name="user.dir" value="/home/ayroid/Documents/Ayroid/ideos-testing"/>
    <property name="os.arch" value="amd64"/>
    <property name="java.vm.specification.name" value="Java Virtual Machine Specification"/>
    <property name="native.encoding" value="UTF-8"/>
    <property name="java.library.path" value="/usr/java/packages/lib:/usr/lib64:/lib64:/lib:/usr/lib"/>
    <property name="java.vm.info" value="mixed mode, sharing"/>
    <property name="stderr.encoding" value="UTF-8"/>
    <property name="java.vendor" value="Oracle Corporation"/>
    <property name="java.vm.version" value="22.0.1+8-16"/>
    <property name="sun.io.unicode.encoding" value="UnicodeLittle"/>
    <property name="java.class.version" value="66.0"/>
  </properties>
</testsuite>