<?xml version="1.0" encoding="UTF-8"?>
<testsuite xmlns:xsi="http://www.w3.org/2001/XMLSchema-instance" xsi:noNamespaceSchemaLocation="https://maven.apache.org/surefire/maven-surefire-plugin/xsd/surefire-test-report.xsd" name="TestSuite" time="47.191" tests="11" errors="0" skipped="0" failures="2">
  <properties>
    <property name="java.specification.version" value="22"/>
    <property name="sun.jnu.encoding" value="UTF-8"/>
    <property name="java.class.path" value="/home/ayroid/Documents/Ayroid/ideos-testing/target/test-classes:/home/ayroid/Documents/Ayroid/ideos-testing/target/classes:/home/ayroid/.m2/repository/junit/junit/4.11/junit-4.11.jar:/home/ayroid/.m2/repository/org/hamcrest/hamcrest-core/1.3/hamcrest-core-1.3.jar:/home/ayroid/.m2/repository/org/seleniumhq/selenium/selenium-java/2.28.0/selenium-java-2.28.0.jar:/home/ayroid/.m2/repository/org/seleniumhq/selenium/selenium-android-driver/2.28.0/selenium-android-driver-2.28.0.jar:/home/ayroid/.m2/repository/org/seleniumhq/selenium/selenium-remote-driver/2.28.0/selenium-remote-driver-2.28.0.jar:/home/ayroid/.m2/repository/cglib/cglib-nodep/2.1_3/cglib-nodep-2.1_3.jar:/home/ayroid/.m2/repository/org/json/json/20080701/json-20080701.jar:/home/ayroid/.m2/repository/com/google/guava/guava/13.0.1/guava-13.0.1.jar:/home/ayroid/.m2/repository/org/seleniumhq/selenium/selenium-chrome-driver/2.28.0/selenium-chrome-driver-2.28.0.jar:/home/ayroid/.m2/repository/org/seleniumhq/selenium/selenium-htmlunit-driver/2.28.0/selenium-htmlunit-driver-2.28.0.jar:/home/ayroid/.m2/repository/org/seleniumhq/selenium/selenium-api/2.28.0/selenium-api-2.28.0.jar:/home/ayroid/.m2/repository/net/sourceforge/htmlunit/htmlunit/2.11/htmlunit-2.11.jar:/home/ayroid/.m2/repository/xalan/xalan/2.7.1/xalan-2.7.1.jar:/home/ayroid/.m2/repository/xalan/serializer/2.7.1/serializer-2.7.1.jar:/home/ayroid/.m2/repository/commons-collections/commons-collections/3.2.1/commons-collections-3.2.1.jar:/home/ayroid/.m2/repository/org/apache/commons/commons-lang3/3.1/commons-lang3-3.1.jar:/home/ayroid/.m2/repository/org/apache/httpcomponents/httpmime/4.2.2/httpmime-4.2.2.jar:/home/ayroid/.m2/repository/commons-codec/commons-codec/1.7/commons-codec-1.7.jar:/home/ayroid/.m2/repository/net/sourceforge/htmlunit/htmlunit-core-js/2.11/htmlunit-core-js-2.11.jar:/home/ayroid/.m2/repository/xerces/xercesImpl/2.10.0/xercesImpl-2.10.0.jar:/home/ayroid/.m2/repository/xml-apis/xml-apis/1.4.01/xml-apis-1.4.01.jar:/home/ayroid/.m2/repository/net/sourceforge/nekohtml/nekohtml/1.9.17/nekohtml-1.9.17.jar:/home/ayroid/.m2/repository/net/sourceforge/cssparser/cssparser/0.9.8/cssparser-0.9.8.jar:/home/ayroid/.m2/repository/org/w3c/css/sac/1.3/sac-1.3.jar:/home/ayroid/.m2/repository/commons-logging/commons-logging/1.1.1/commons-logging-1.1.1.jar:/home/ayroid/.m2/repository/org/eclipse/jetty/jetty-websocket/8.1.7.v20120910/jetty-websocket-8.1.7.v20120910.jar:/home/ayroid/.m2/repository/org/eclipse/jetty/jetty-util/8.1.7.v20120910/jetty-util-8.1.7.v20120910.jar:/home/ayroid/.m2/repository/org/eclipse/jetty/jetty-io/8.1.7.v20120910/jetty-io-8.1.7.v20120910.jar:/home/ayroid/.m2/repository/org/eclipse/jetty/jetty-http/8.1.7.v20120910/jetty-http-8.1.7.v20120910.jar:/home/ayroid/.m2/repository/org/apache/httpcomponents/httpclient/4.2.1/httpclient-4.2.1.jar:/home/ayroid/.m2/repository/org/apache/httpcomponents/httpcore/4.2.1/httpcore-4.2.1.jar:/home/ayroid/.m2/repository/org/seleniumhq/selenium/selenium-firefox-driver/2.28.0/selenium-firefox-driver-2.28.0.jar:/home/ayroid/.m2/repository/commons-io/commons-io/2.2/commons-io-2.2.jar:/home/ayroid/.m2/repository/org/apache/commons/commons-exec/1.1/commons-exec-1.1.jar:/home/ayroid/.m2/repository/org/seleniumhq/selenium/selenium-ie-driver/2.28.0/selenium-ie-driver-2.28.0.jar:/home/ayroid/.m2/repository/net/java/dev/jna/jna/3.4.0/jna-3.4.0.jar:/home/ayroid/.m2/repository/net/java/dev/jna/platform/3.4.0/platform-3.4.0.jar:/home/ayroid/.m2/repository/org/seleniumhq/selenium/selenium-iphone-driver/2.28.0/selenium-iphone-driver-2.28.0.jar:/home/ayroid/.m2/repository/org/seleniumhq/selenium/selenium-safari-driver/2.28.0/selenium-safari-driver-2.28.0.jar:/home/ayroid/.m2/repository/org/seleniumhq/selenium/selenium-support/2.28.0/selenium-support-2.28.0.jar:/home/ayroid/.m2/repository/org/webbitserver/webbit/0.4.14/webbit-0.4.14.jar:/home/ayroid/.m2/repository/io/netty/netty/3.5.2.Final/netty-3.5.2.Final.jar:/home/ayroid/.m2/repository/org/testng/testng/7.10.1/testng-7.10.1.jar:/home/ayroid/.m2/repository/org/slf4j/slf4j-api/1.7.36/slf4j-api-1.7.36.jar:/home/ayroid/.m2/repository/com/beust/jcommander/1.82/jcommander-1.82.jar:/home/ayroid/.m2/repository/org/webjars/jquery/3.7.1/jquery-3.7.1.jar:"/>
    <property name="java.vm.vendor" value="Oracle Corporation"/>
    <property name="sun.arch.data.model" value="64"/>
    <property name="java.vendor.url" value="https://java.oracle.com/"/>
    <property name="os.name" value="Linux"/>
    <property name="java.vm.specification.version" value="22"/>
    <property name="sun.java.launcher" value="SUN_STANDARD"/>
    <property name="user.country" value="US"/>
    <property name="sun.boot.library.path" value="/usr/lib/jvm/jdk-22-oracle-x64/lib"/>
    <property name="sun.java.command" value="/home/ayroid/Documents/Ayroid/ideos-testing/target/surefire/surefirebooter7327424146935446488.jar /home/ayroid/Documents/Ayroid/ideos-testing/target/surefire 2024-05-04T23-35-00_025-jvmRun1 surefire14200174754228218580tmp surefire_06113078028570322237tmp"/>
    <property name="jdk.debug" value="release"/>
    <property name="surefire.test.class.path" value="/home/ayroid/Documents/Ayroid/ideos-testing/target/test-classes:/home/ayroid/Documents/Ayroid/ideos-testing/target/classes:/home/ayroid/.m2/repository/junit/junit/4.11/junit-4.11.jar:/home/ayroid/.m2/repository/org/hamcrest/hamcrest-core/1.3/hamcrest-core-1.3.jar:/home/ayroid/.m2/repository/org/seleniumhq/selenium/selenium-java/2.28.0/selenium-java-2.28.0.jar:/home/ayroid/.m2/repository/org/seleniumhq/selenium/selenium-android-driver/2.28.0/selenium-android-driver-2.28.0.jar:/home/ayroid/.m2/repository/org/seleniumhq/selenium/selenium-remote-driver/2.28.0/selenium-remote-driver-2.28.0.jar:/home/ayroid/.m2/repository/cglib/cglib-nodep/2.1_3/cglib-nodep-2.1_3.jar:/home/ayroid/.m2/repository/org/json/json/20080701/json-20080701.jar:/home/ayroid/.m2/repository/com/google/guava/guava/13.0.1/guava-13.0.1.jar:/home/ayroid/.m2/repository/org/seleniumhq/selenium/selenium-chrome-driver/2.28.0/selenium-chrome-driver-2.28.0.jar:/home/ayroid/.m2/repository/org/seleniumhq/selenium/selenium-htmlunit-driver/2.28.0/selenium-htmlunit-driver-2.28.0.jar:/home/ayroid/.m2/repository/org/seleniumhq/selenium/selenium-api/2.28.0/selenium-api-2.28.0.jar:/home/ayroid/.m2/repository/net/sourceforge/htmlunit/htmlunit/2.11/htmlunit-2.11.jar:/home/ayroid/.m2/repository/xalan/xalan/2.7.1/xalan-2.7.1.jar:/home/ayroid/.m2/repository/xalan/serializer/2.7.1/serializer-2.7.1.jar:/home/ayroid/.m2/repository/commons-collections/commons-collections/3.2.1/commons-collections-3.2.1.jar:/home/ayroid/.m2/repository/org/apache/commons/commons-lang3/3.1/commons-lang3-3.1.jar:/home/ayroid/.m2/repository/org/apache/httpcomponents/httpmime/4.2.2/httpmime-4.2.2.jar:/home/ayroid/.m2/repository/commons-codec/commons-codec/1.7/commons-codec-1.7.jar:/home/ayroid/.m2/repository/net/sourceforge/htmlunit/htmlunit-core-js/2.11/htmlunit-core-js-2.11.jar:/home/ayroid/.m2/repository/xerces/xercesImpl/2.10.0/xercesImpl-2.10.0.jar:/home/ayroid/.m2/repository/xml-apis/xml-apis/1.4.01/xml-apis-1.4.01.jar:/home/ayroid/.m2/repository/net/sourceforge/nekohtml/nekohtml/1.9.17/nekohtml-1.9.17.jar:/home/ayroid/.m2/repository/net/sourceforge/cssparser/cssparser/0.9.8/cssparser-0.9.8.jar:/home/ayroid/.m2/repository/org/w3c/css/sac/1.3/sac-1.3.jar:/home/ayroid/.m2/repository/commons-logging/commons-logging/1.1.1/commons-logging-1.1.1.jar:/home/ayroid/.m2/repository/org/eclipse/jetty/jetty-websocket/8.1.7.v20120910/jetty-websocket-8.1.7.v20120910.jar:/home/ayroid/.m2/repository/org/eclipse/jetty/jetty-util/8.1.7.v20120910/jetty-util-8.1.7.v20120910.jar:/home/ayroid/.m2/repository/org/eclipse/jetty/jetty-io/8.1.7.v20120910/jetty-io-8.1.7.v20120910.jar:/home/ayroid/.m2/repository/org/eclipse/jetty/jetty-http/8.1.7.v20120910/jetty-http-8.1.7.v20120910.jar:/home/ayroid/.m2/repository/org/apache/httpcomponents/httpclient/4.2.1/httpclient-4.2.1.jar:/home/ayroid/.m2/repository/org/apache/httpcomponents/httpcore/4.2.1/httpcore-4.2.1.jar:/home/ayroid/.m2/repository/org/seleniumhq/selenium/selenium-firefox-driver/2.28.0/selenium-firefox-driver-2.28.0.jar:/home/ayroid/.m2/repository/commons-io/commons-io/2.2/commons-io-2.2.jar:/home/ayroid/.m2/repository/org/apache/commons/commons-exec/1.1/commons-exec-1.1.jar:/home/ayroid/.m2/repository/org/seleniumhq/selenium/selenium-ie-driver/2.28.0/selenium-ie-driver-2.28.0.jar:/home/ayroid/.m2/repository/net/java/dev/jna/jna/3.4.0/jna-3.4.0.jar:/home/ayroid/.m2/repository/net/java/dev/jna/platform/3.4.0/platform-3.4.0.jar:/home/ayroid/.m2/repository/org/seleniumhq/selenium/selenium-iphone-driver/2.28.0/selenium-iphone-driver-2.28.0.jar:/home/ayroid/.m2/repository/org/seleniumhq/selenium/selenium-safari-driver/2.28.0/selenium-safari-driver-2.28.0.jar:/home/ayroid/.m2/repository/org/seleniumhq/selenium/selenium-support/2.28.0/selenium-support-2.28.0.jar:/home/ayroid/.m2/repository/org/webbitserver/webbit/0.4.14/webbit-0.4.14.jar:/home/ayroid/.m2/repository/io/netty/netty/3.5.2.Final/netty-3.5.2.Final.jar:/home/ayroid/.m2/repository/org/testng/testng/7.10.1/testng-7.10.1.jar:/home/ayroid/.m2/repository/org/slf4j/slf4j-api/1.7.36/slf4j-api-1.7.36.jar:/home/ayroid/.m2/repository/com/beust/jcommander/1.82/jcommander-1.82.jar:/home/ayroid/.m2/repository/org/webjars/jquery/3.7.1/jquery-3.7.1.jar:"/>
    <property name="sun.cpu.endian" value="little"/>
    <property name="user.home" value="/home/ayroid"/>
    <property name="user.language" value="en"/>
    <property name="java.specification.vendor" value="Oracle Corporation"/>
    <property name="java.version.date" value="2024-04-16"/>
    <property name="java.home" value="/usr/lib/jvm/jdk-22-oracle-x64"/>
    <property name="file.separator" value="/"/>
    <property name="basedir" value="/home/ayroid/Documents/Ayroid/ideos-testing"/>
    <property name="java.vm.compressedOopsMode" value="Zero based"/>
    <property name="line.separator" value="&#10;"/>
    <property name="java.specification.name" value="Java Platform API Specification"/>
    <property name="java.vm.specification.vendor" value="Oracle Corporation"/>
    <property name="surefire.real.class.path" value="/home/ayroid/Documents/Ayroid/ideos-testing/target/surefire/surefirebooter7327424146935446488.jar"/>
    <property name="sun.management.compiler" value="HotSpot 64-Bit Tiered Compilers"/>
    <property name="java.runtime.version" value="22.0.1+8-16"/>
    <property name="user.name" value="ayroid"/>
    <property name="stdout.encoding" value="UTF-8"/>
    <property name="path.separator" value=":"/>
    <property name="os.version" value="6.8.0-31-generic"/>
    <property name="java.runtime.name" value="Java(TM) SE Runtime Environment"/>
    <property name="file.encoding" value="UTF-8"/>
    <property name="java.vm.name" value="Java HotSpot(TM) 64-Bit Server VM"/>
    <property name="localRepository" value="/home/ayroid/.m2/repository"/>
    <property name="java.vendor.url.bug" value="https://bugreport.java.com/bugreport/"/>
    <property name="java.io.tmpdir" value="/tmp"/>
    <property name="java.version" value="22.0.1"/>
    <property name="user.dir" value="/home/ayroid/Documents/Ayroid/ideos-testing"/>
    <property name="os.arch" value="amd64"/>
    <property name="java.vm.specification.name" value="Java Virtual Machine Specification"/>
    <property name="native.encoding" value="UTF-8"/>
    <property name="java.library.path" value="/usr/java/packages/lib:/usr/lib64:/lib64:/lib:/usr/lib"/>
    <property name="java.vm.info" value="mixed mode, sharing"/>
    <property name="stderr.encoding" value="UTF-8"/>
    <property name="java.vendor" value="Oracle Corporation"/>
    <property name="java.vm.version" value="22.0.1+8-16"/>
    <property name="sun.io.unicode.encoding" value="UnicodeLittle"/>
    <property name="java.class.version" value="66.0"/>
  </properties>
  <testcase name="testLogin" classname="ayroid.IdeosTest" time="4.302"/>
  <testcase name="testCreateIdeo" classname="ayroid.IdeosTest" time="6.563"/>
  <testcase name="testDeleteIdeo" classname="ayroid.IdeosTest" time="2.162">
    <failure message="no such element: Unable to locate element: {&quot;method&quot;:&quot;css selector&quot;,&quot;selector&quot;:&quot;#\36 628d1e4d9f1d378419a9064 &gt; img&quot;}&#10;  (Session info: chrome=124.0.6367.118)&#10;  (Driver info: chromedriver=123.0.6312.105 (399174dbe6eff0f59de9a6096129c0c827002b3a-refs/branch-heads/6312@{#761}),platform=Linux 6.8.0-31-generic x86_64) (WARNING: The server did not provide any stacktrace information)&#10;Command duration or timeout: 12 milliseconds&#10;For documentation on this error, please visit: http://seleniumhq.org/exceptions/no_such_element.html&#10;Build info: version: &apos;2.28.0&apos;, revision: &apos;18309&apos;, time: &apos;2012-12-11 15:53:30&apos;&#10;System info: os.name: &apos;Linux&apos;, os.arch: &apos;amd64&apos;, os.version: &apos;6.8.0-31-generic&apos;, java.version: &apos;22.0.1&apos;&#10;Driver info: org.openqa.selenium.chrome.ChromeDriver&#10;Capabilities [{mobileEmulationEnabled=false, timeouts={implicit=0, pageLoad=300000, script=30000}, hasTouchScreen=false, platform=LINUX, acceptSslCerts=false, goog:chromeOptions={debuggerAddress=localhost:42209}, webauthn:extension:credBlob=true, acceptInsecureCerts=false, fedcm:accounts=true, webStorageEnabled=true, browserName=chrome, takesScreenshot=true, javascriptEnabled=true, setWindowRect=true, webauthn:extension:largeBlob=true, unexpectedAlertBehaviour=ignore, rotatable=false, networkConnectionEnabled=false, chrome={chromedriverVersion=123.0.6312.105 (399174dbe6eff0f59de9a6096129c0c827002b3a-refs/branch-heads/6312@{#761}), userDataDir=/tmp/.org.chromium.Chromium.Y9BFeT}, takesHeapSnapshot=true, pageLoadStrategy=normal, strictFileInteractability=false, databaseEnabled=false, handlesAlerts=true, version=124.0.6367.118, browserConnectionEnabled=false, proxy={}, nativeEvents=true, webauthn:extension:minPinLength=true, webauthn:extension:prf=true, locationContextEnabled=true, cssSelectorsEnabled=true, webauthn:virtualAuthenticators=true}]&#10;Session ID: 0ed683a4be88ab0f95686dea9e7b1eff" type="org.openqa.selenium.NoSuchElementException">org.openqa.selenium.NoSuchElementException: 
no such element: Unable to locate element: {"method":"css selector","selector":"#\36 628d1e4d9f1d378419a9064 > img"}
  (Session info: chrome=124.0.6367.118)
  (Driver info: chromedriver=123.0.6312.105 (399174dbe6eff0f59de9a6096129c0c827002b3a-refs/branch-heads/6312@{#761}),platform=Linux 6.8.0-31-generic x86_64) (WARNING: The server did not provide any stacktrace information)
Command duration or timeout: 12 milliseconds
For documentation on this error, please visit: http://seleniumhq.org/exceptions/no_such_element.html
Build info: version: '2.28.0', revision: '18309', time: '2012-12-11 15:53:30'
System info: os.name: 'Linux', os.arch: 'amd64', os.version: '6.8.0-31-generic', java.version: '22.0.1'
Driver info: org.openqa.selenium.chrome.ChromeDriver
Capabilities [{mobileEmulationEnabled=false, timeouts={implicit=0, pageLoad=300000, script=30000}, hasTouchScreen=false, platform=LINUX, acceptSslCerts=false, goog:chromeOptions={debuggerAddress=localhost:42209}, webauthn:extension:credBlob=true, acceptInsecureCerts=false, fedcm:accounts=true, webStorageEnabled=true, browserName=chrome, takesScreenshot=true, javascriptEnabled=true, setWindowRect=true, webauthn:extension:largeBlob=true, unexpectedAlertBehaviour=ignore, rotatable=false, networkConnectionEnabled=false, chrome={chromedriverVersion=123.0.6312.105 (399174dbe6eff0f59de9a6096129c0c827002b3a-refs/branch-heads/6312@{#761}), userDataDir=/tmp/.org.chromium.Chromium.Y9BFeT}, takesHeapSnapshot=true, pageLoadStrategy=normal, strictFileInteractability=false, databaseEnabled=false, handlesAlerts=true, version=124.0.6367.118, browserConnectionEnabled=false, proxy={}, nativeEvents=true, webauthn:extension:minPinLength=true, webauthn:extension:prf=true, locationContextEnabled=true, cssSelectorsEnabled=true, webauthn:virtualAuthenticators=true}]
Session ID: 0ed683a4be88ab0f95686dea9e7b1eff
	at ayroid.IdeosTest.testDeleteIdeo(IdeosTest.java:46)
</failure>
  </testcase>
  <testcase name="testLogin" classname="ayroid.AuthenticationTest" time="4.13"/>
  <testcase name="testLogin" classname="ayroid.AuthenticationTest" time="3.762"/>
  <testcase name="testLogin" classname="ayroid.AuthenticationTest" time="3.732"/>
  <testcase name="testLogin" classname="ayroid.AuthenticationTest" time="3.741"/>
  <testcase name="testLogOut" classname="ayroid.AuthenticationTest" time="3.142"/>
  <testcase name="testRegister" classname="ayroid.AuthenticationTest" time="3.79"/>
  <testcase name="testRegister" classname="ayroid.AuthenticationTest" time="3.775"/>
  <testcase name="tearDown" classname="ayroid.IdeosTest" time="7.481">
    <failure message="no such window: target window already closed&#10;from unknown error: web view not found&#10;  (Session info: chrome=124.0.6367.118)&#10;  (Driver info: chromedriver=123.0.6312.105 (399174dbe6eff0f59de9a6096129c0c827002b3a-refs/branch-heads/6312@{#761}),platform=Linux 6.8.0-31-generic x86_64) (WARNING: The server did not provide any stacktrace information)&#10;Command duration or timeout: 5 milliseconds&#10;Build info: version: &apos;2.28.0&apos;, revision: &apos;18309&apos;, time: &apos;2012-12-11 15:53:30&apos;&#10;System info: os.name: &apos;Linux&apos;, os.arch: &apos;amd64&apos;, os.version: &apos;6.8.0-31-generic&apos;, java.version: &apos;22.0.1&apos;&#10;Driver info: org.openqa.selenium.chrome.ChromeDriver&#10;Capabilities [{mobileEmulationEnabled=false, timeouts={implicit=0, pageLoad=300000, script=30000}, hasTouchScreen=false, platform=LINUX, acceptSslCerts=false, goog:chromeOptions={debuggerAddress=localhost:42209}, webauthn:extension:credBlob=true, acceptInsecureCerts=false, fedcm:accounts=true, webStorageEnabled=true, browserName=chrome, takesScreenshot=true, javascriptEnabled=true, setWindowRect=true, webauthn:extension:largeBlob=true, unexpectedAlertBehaviour=ignore, rotatable=false, networkConnectionEnabled=false, chrome={chromedriverVersion=123.0.6312.105 (399174dbe6eff0f59de9a6096129c0c827002b3a-refs/branch-heads/6312@{#761}), userDataDir=/tmp/.org.chromium.Chromium.Y9BFeT}, takesHeapSnapshot=true, pageLoadStrategy=normal, strictFileInteractability=false, databaseEnabled=false, handlesAlerts=true, version=124.0.6367.118, browserConnectionEnabled=false, proxy={}, nativeEvents=true, webauthn:extension:minPinLength=true, webauthn:extension:prf=true, locationContextEnabled=true, cssSelectorsEnabled=true, webauthn:virtualAuthenticators=true}]&#10;Session ID: 0ed683a4be88ab0f95686dea9e7b1eff" type="org.openqa.selenium.NoSuchWindowException">org.openqa.selenium.NoSuchWindowException: 
no such window: target window already closed
from unknown error: web view not found
  (Session info: chrome=124.0.6367.118)
  (Driver info: chromedriver=123.0.6312.105 (399174dbe6eff0f59de9a6096129c0c827002b3a-refs/branch-heads/6312@{#761}),platform=Linux 6.8.0-31-generic x86_64) (WARNING: The server did not provide any stacktrace information)
Command duration or timeout: 5 milliseconds
Build info: version: '2.28.0', revision: '18309', time: '2012-12-11 15:53:30'
System info: os.name: 'Linux', os.arch: 'amd64', os.version: '6.8.0-31-generic', java.version: '22.0.1'
Driver info: org.openqa.selenium.chrome.ChromeDriver
Capabilities [{mobileEmulationEnabled=false, timeouts={implicit=0, pageLoad=300000, script=30000}, hasTouchScreen=false, platform=LINUX, acceptSslCerts=false, goog:chromeOptions={debuggerAddress=localhost:42209}, webauthn:extension:credBlob=true, acceptInsecureCerts=false, fedcm:accounts=true, webStorageEnabled=true, browserName=chrome, takesScreenshot=true, javascriptEnabled=true, setWindowRect=true, webauthn:extension:largeBlob=true, unexpectedAlertBehaviour=ignore, rotatable=false, networkConnectionEnabled=false, chrome={chromedriverVersion=123.0.6312.105 (399174dbe6eff0f59de9a6096129c0c827002b3a-refs/branch-heads/6312@{#761}), userDataDir=/tmp/.org.chromium.Chromium.Y9BFeT}, takesHeapSnapshot=true, pageLoadStrategy=normal, strictFileInteractability=false, databaseEnabled=false, handlesAlerts=true, version=124.0.6367.118, browserConnectionEnabled=false, proxy={}, nativeEvents=true, webauthn:extension:minPinLength=true, webauthn:extension:prf=true, locationContextEnabled=true, cssSelectorsEnabled=true, webauthn:virtualAuthenticators=true}]
Session ID: 0ed683a4be88ab0f95686dea9e7b1eff
	at ayroid.IdeosTest.tearDown(IdeosTest.java:53)
</failure>
  </testcase>
</testsuite>