<?xml version="1.0" encoding="UTF-8"?>
<!-- Generated by org.testng.reporters.JUnitReportReporter -->
<testsuite hostname="victus" failures="0" tests="7" name="ayroid.AuthenticationTest" time="26.068" errors="0" timestamp="2024-05-04T23:35:47 IST" skipped="0">
  <testcase classname="ayroid.AuthenticationTest" name="testLogin" time="3.761"/>
  <testcase classname="ayroid.AuthenticationTest" name="testRegister" time="3.790"/>
  <testcase classname="ayroid.AuthenticationTest" name="testLogOut" time="3.141"/>
  <testcase classname="ayroid.AuthenticationTest" name="testLogin" time="4.130"/>
  <testcase classname="ayroid.AuthenticationTest" name="testLogin" time="3.732"/>
  <testcase classname="ayroid.AuthenticationTest" name="testLogin" time="3.740"/>
  <testcase classname="ayroid.AuthenticationTest" name="testRegister" time="3.774"/>
</testsuite> <!-- ayroid.AuthenticationTest -->
