<?xml version="1.0" encoding="UTF-8"?>
<!-- Generated by org.testng.reporters.JUnitReportReporter -->
<testsuite hostname="victus" failures="0" tests="4" name="ayroid.AuthenticationTest" time="15.401" errors="0" timestamp="2024-05-04T16:25:14 IST" skipped="0">
  <testcase classname="ayroid.AuthenticationTest" name="loginSuccess" time="4.205"/>
  <testcase classname="ayroid.AuthenticationTest" name="loginSuccess" time="3.730"/>
  <testcase classname="ayroid.AuthenticationTest" name="loginSuccess" time="3.734"/>
  <testcase classname="ayroid.AuthenticationTest" name="loginSuccess" time="3.732"/>
</testsuite> <!-- ayroid.AuthenticationTest -->
